# JRE version: OpenJDK Runtime Environment (8.0_242-b01) (build 1.8.0_242-release-1644-b01)
# Java VM: OpenJDK 64-Bit Server VM (25.242-b01 mixed mode windows-amd64 compressed oops)
Heap:
 PSYoungGen      total 116224K, used 101212K [0x00000000e0000000, 0x00000000e7f00000, 0x0000000100000000)
  eden space 104448K, 87% used [0x00000000e0000000,0x00000000e58bf190,0x00000000e6600000)
  from space 11776K, 87% used [0x00000000e6600000,0x00000000e7017ef0,0x00000000e7180000)
  to   space 11264K, 0% used [0x00000000e7180000,0x00000000e7180000,0x00000000e7c80000)
 ParOldGen       total 80384K, used 19418K [0x00000000a0000000, 0x00000000a4e80000, 0x00000000e0000000)
  object space 80384K, 24% used [0x00000000a0000000,0x00000000a12f6bd0,0x00000000a4e80000)
 Metaspace       used 55341K, capacity 57428K, committed 57776K, reserved 1099776K
  class space    used 7307K, capacity 7761K, committed 7856K, reserved 1048576K
GC Heap History (10 events):
Event: 4.375 GC heap before
{Heap before GC invocations=9 (full 1):
 PSYoungGen      total 76800K, used 73428K [0x00000000e0000000, 0x00000000e7c80000, 0x0000000100000000)
  eden space 65536K, 100% used [0x00000000e0000000,0x00000000e4000000,0x00000000e4000000)
  from space 11264K, 70% used [0x00000000e4000000,0x00000000e47b52a8,0x00000000e4b00000)
  to   space 11264K, 0% used [0x00000000e7180000,0x00000000e7180000,0x00000000e7c80000)
 ParOldGen       total 59392K, used 9254K [0x00000000a0000000, 0x00000000a3a00000, 0x00000000e0000000)
  object space 59392K, 15% used [0x00000000a0000000,0x00000000a09098d8,0x00000000a3a00000)
 Metaspace       used 33339K, capacity 34222K, committed 34480K, reserved 1079296K
  class space    used 4472K, capacity 4740K, committed 4784K, reserved 1048576K
Event: 4.391 GC heap after
Heap after GC invocations=9 (full 1):
 PSYoungGen      total 115712K, used 8865K [0x00000000e0000000, 0x00000000e7f00000, 0x0000000100000000)
  eden space 104448K, 0% used [0x00000000e0000000,0x00000000e0000000,0x00000000e6600000)
  from space 11264K, 78% used [0x00000000e7180000,0x00000000e7a287e8,0x00000000e7c80000)
  to   space 11776K, 0% used [0x00000000e6600000,0x00000000e6600000,0x00000000e7180000)
 ParOldGen       total 59392K, used 9262K [0x00000000a0000000, 0x00000000a3a00000, 0x00000000e0000000)
  object space 59392K, 15% used [0x00000000a0000000,0x00000000a090b8d8,0x00000000a3a00000)
 Metaspace       used 33339K, capacity 34222K, committed 34480K, reserved 1079296K
  class space    used 4472K, capacity 4740K, committed 4784K, reserved 1048576K
}
Event: 4.585 GC heap before
{Heap before GC invocations=10 (full 1):
 PSYoungGen      total 115712K, used 18691K [0x00000000e0000000, 0x00000000e7f00000, 0x0000000100000000)
  eden space 104448K, 9% used [0x00000000e0000000,0x00000000e09984d8,0x00000000e6600000)
  from space 11264K, 78% used [0x00000000e7180000,0x00000000e7a287e8,0x00000000e7c80000)
  to   space 11776K, 0% used [0x00000000e6600000,0x00000000e6600000,0x00000000e7180000)
 ParOldGen       total 59392K, used 9262K [0x00000000a0000000, 0x00000000a3a00000, 0x00000000e0000000)
  object space 59392K, 15% used [0x00000000a0000000,0x00000000a090b8d8,0x00000000a3a00000)
 Metaspace       used 34523K, capacity 35398K, committed 35496K, reserved 1079296K
  class space    used 4594K, capacity 4874K, committed 4912K, reserved 1048576K
Event: 4.605 GC heap after
Heap after GC invocations=10 (full 1):
 PSYoungGen      total 116224K, used 7314K [0x00000000e0000000, 0x00000000e7f00000, 0x0000000100000000)
  eden space 104448K, 0% used [0x00000000e0000000,0x00000000e0000000,0x00000000e6600000)
  from space 11776K, 62% used [0x00000000e6600000,0x00000000e6d24b68,0x00000000e7180000)
  to   space 11264K, 0% used [0x00000000e7180000,0x00000000e7180000,0x00000000e7c80000)
 ParOldGen       total 59392K, used 9270K [0x00000000a0000000, 0x00000000a3a00000, 0x00000000e0000000)
  object space 59392K, 15% used [0x00000000a0000000,0x00000000a090d8d8,0x00000000a3a00000)
 Metaspace       used 34523K, capacity 35398K, committed 35496K, reserved 1079296K
  class space    used 4594K, capacity 4874K, committed 4912K, reserved 1048576K
}
Event: 4.605 GC heap before
{Heap before GC invocations=11 (full 2):
 PSYoungGen      total 116224K, used 7314K [0x00000000e0000000, 0x00000000e7f00000, 0x0000000100000000)
  eden space 104448K, 0% used [0x00000000e0000000,0x00000000e0000000,0x00000000e6600000)
  from space 11776K, 62% used [0x00000000e6600000,0x00000000e6d24b68,0x00000000e7180000)
  to   space 11264K, 0% used [0x00000000e7180000,0x00000000e7180000,0x00000000e7c80000)
 ParOldGen       total 59392K, used 9270K [0x00000000a0000000, 0x00000000a3a00000, 0x00000000e0000000)
  object space 59392K, 15% used [0x00000000a0000000,0x00000000a090d8d8,0x00000000a3a00000)
 Metaspace       used 34523K, capacity 35398K, committed 35496K, reserved 1079296K
  class space    used 4594K, capacity 4874K, committed 4912K, reserved 1048576K
Event: 4.649 GC heap after
Heap after GC invocations=11 (full 2):
 PSYoungGen      total 116224K, used 0K [0x00000000e0000000, 0x00000000e7f00000, 0x0000000100000000)
  eden space 104448K, 0% used [0x00000000e0000000,0x00000000e0000000,0x00000000e6600000)
  from space 11776K, 0% used [0x00000000e6600000,0x00000000e6600000,0x00000000e7180000)
  to   space 11264K, 0% used [0x00000000e7180000,0x00000000e7180000,0x00000000e7c80000)
 ParOldGen       total 80384K, used 14398K [0x00000000a0000000, 0x00000000a4e80000, 0x00000000e0000000)
  object space 80384K, 17% used [0x00000000a0000000,0x00000000a0e0fb50,0x00000000a4e80000)
 Metaspace       used 34523K, capacity 35398K, committed 35496K, reserved 1079296K
  class space    used 4594K, capacity 4874K, committed 4912K, reserved 1048576K
}
Event: 5.837 GC heap before
{Heap before GC invocations=12 (full 2):
 PSYoungGen      total 116224K, used 104448K [0x00000000e0000000, 0x00000000e7f00000, 0x0000000100000000)
  eden space 104448K, 100% used [0x00000000e0000000,0x00000000e6600000,0x00000000e6600000)
  from space 11776K, 0% used [0x00000000e6600000,0x00000000e6600000,0x00000000e7180000)
  to   space 11264K, 0% used [0x00000000e7180000,0x00000000e7180000,0x00000000e7c80000)
 ParOldGen       total 80384K, used 14398K [0x00000000a0000000, 0x00000000a4e80000, 0x00000000e0000000)
  object space 80384K, 17% used [0x00000000a0000000,0x00000000a0e0fb50,0x00000000a4e80000)
 Metaspace       used 39049K, capacity 40206K, committed 40496K, reserved 1083392K
  class space    used 5263K, capacity 5574K, committed 5680K, reserved 1048576K
Event: 5.845 GC heap after
Heap after GC invocations=12 (full 2):
 PSYoungGen      total 115712K, used 8815K [0x00000000e0000000, 0x00000000e7f00000, 0x0000000100000000)
  eden space 104448K, 0% used [0x00000000e0000000,0x00000000e0000000,0x00000000e6600000)
  from space 11264K, 78% used [0x00000000e7180000,0x00000000e7a1bea8,0x00000000e7c80000)
  to   space 11776K, 0% used [0x00000000e6600000,0x00000000e6600000,0x00000000e7180000)
 ParOldGen       total 80384K, used 14398K [0x00000000a0000000, 0x00000000a4e80000, 0x00000000e0000000)
  object space 80384K, 17% used [0x00000000a0000000,0x00000000a0e0fb50,0x00000000a4e80000)
 Metaspace       used 39049K, capacity 40206K, committed 40496K, reserved 1083392K
  class space    used 5263K, capacity 5574K, committed 5680K, reserved 1048576K
}
Event: 7.417 GC heap before
{Heap before GC invocations=13 (full 2):
 PSYoungGen      total 115712K, used 113263K [0x00000000e0000000, 0x00000000e7f00000, 0x0000000100000000)
  eden space 104448K, 100% used [0x00000000e0000000,0x00000000e6600000,0x00000000e6600000)
  from space 11264K, 78% used [0x00000000e7180000,0x00000000e7a1bea8,0x00000000e7c80000)
  to   space 11776K, 0% used [0x00000000e6600000,0x00000000e6600000,0x00000000e7180000)
 ParOldGen       total 80384K, used 14398K [0x00000000a0000000, 0x00000000a4e80000, 0x00000000e0000000)
  object space 80384K, 17% used [0x00000000a0000000,0x00000000a0e0fb50,0x00000000a4e80000)
 Metaspace       used 48040K, capacity 49818K, committed 50096K, reserved 1093632K
  class space    used 6412K, capacity 6791K, committed 6832K, reserved 1048576K
Event: 7.428 GC heap after
Heap after GC invocations=13 (full 2):
 PSYoungGen      total 116224K, used 10335K [0x00000000e0000000, 0x00000000e7f00000, 0x0000000100000000)
  eden space 104448K, 0% used [0x00000000e0000000,0x00000000e0000000,0x00000000e6600000)
  from space 11776K, 87% used [0x00000000e6600000,0x00000000e7017ef0,0x00000000e7180000)
  to   space 11264K, 0% used [0x00000000e7180000,0x00000000e7180000,0x00000000e7c80000)
 ParOldGen       total 80384K, used 19418K [0x00000000a0000000, 0x00000000a4e80000, 0x00000000e0000000)
  object space 80384K, 24% used [0x00000000a0000000,0x00000000a12f6bd0,0x00000000a4e80000)
 Metaspace       used 48040K, capacity 49818K, committed 50096K, reserved 1093632K
  class space    used 6412K, capacity 6791K, committed 6832K, reserved 1048576K
}

