# JRE version: OpenJDK Runtime Environment (8.0_242-b01) (build 1.8.0_242-release-1644-b01)
# Java VM: OpenJDK 64-Bit Server VM (25.242-b01 mixed mode windows-amd64 compressed oops)
Heap:
 PSYoungGen      total 479232K, used 332459K [0x00000000e0000000, 0x00000000ffc80000, 0x0000000100000000)
  eden space 441856K, 72% used [0x00000000e0000000,0x00000000f3762aa0,0x00000000faf80000)
  from space 37376K, 36% used [0x00000000fd800000,0x00000000fe5484f8,0x00000000ffc80000)
  to   space 39424K, 0% used [0x00000000faf80000,0x00000000faf80000,0x00000000fd600000)
 ParOldGen       total 203776K, used 61128K [0x00000000a0000000, 0x00000000ac700000, 0x00000000e0000000)
  object space 203776K, 29% used [0x00000000a0000000,0x00000000a3bb20f8,0x00000000ac700000)
 Metaspace       used 103834K, capacity 107404K, committed 107520K, reserved 1142784K
  class space    used 12820K, capacity 13529K, committed 13568K, reserved 1048576K
GC Heap History (10 events):
Event: 495.907 GC heap before
{Heap before GC invocations=22 (full 3):
 PSYoungGen      total 457216K, used 457190K [0x00000000e0000000, 0x0000000100000000, 0x0000000100000000)
  eden space 431104K, 100% used [0x00000000e0000000,0x00000000fa500000,0x00000000fa500000)
  from space 26112K, 99% used [0x00000000fe680000,0x00000000ffff9ba0,0x0000000100000000)
  to   space 46592K, 0% used [0x00000000fa500000,0x00000000fa500000,0x00000000fd280000)
 ParOldGen       total 134144K, used 71894K [0x00000000a0000000, 0x00000000a8300000, 0x00000000e0000000)
  object space 134144K, 53% used [0x00000000a0000000,0x00000000a4635898,0x00000000a8300000)
 Metaspace       used 93675K, capacity 96596K, committed 96768K, reserved 1134592K
  class space    used 11651K, capacity 12267K, committed 12288K, reserved 1048576K
Event: 495.957 GC heap after
Heap after GC invocations=22 (full 3):
 PSYoungGen      total 432128K, used 18000K [0x00000000e0000000, 0x00000000fea00000, 0x0000000100000000)
  eden space 413696K, 0% used [0x00000000e0000000,0x00000000e0000000,0x00000000f9400000)
  from space 18432K, 97% used [0x00000000fa500000,0x00000000fb694390,0x00000000fb700000)
  to   space 44032K, 0% used [0x00000000fbf00000,0x00000000fbf00000,0x00000000fea00000)
 ParOldGen       total 134144K, used 84959K [0x00000000a0000000, 0x00000000a8300000, 0x00000000e0000000)
  object space 134144K, 63% used [0x00000000a0000000,0x00000000a52f7d10,0x00000000a8300000)
 Metaspace       used 93675K, capacity 96596K, committed 96768K, reserved 1134592K
  class space    used 11651K, capacity 12267K, committed 12288K, reserved 1048576K
}
Event: 497.642 GC heap before
{Heap before GC invocations=23 (full 3):
 PSYoungGen      total 432128K, used 68068K [0x00000000e0000000, 0x00000000fea00000, 0x0000000100000000)
  eden space 413696K, 12% used [0x00000000e0000000,0x00000000e30e5040,0x00000000f9400000)
  from space 18432K, 97% used [0x00000000fa500000,0x00000000fb694390,0x00000000fb700000)
  to   space 44032K, 0% used [0x00000000fbf00000,0x00000000fbf00000,0x00000000fea00000)
 ParOldGen       total 134144K, used 84959K [0x00000000a0000000, 0x00000000a8300000, 0x00000000e0000000)
  object space 134144K, 63% used [0x00000000a0000000,0x00000000a52f7d10,0x00000000a8300000)
 Metaspace       used 95513K, capacity 98496K, committed 98560K, reserved 1134592K
  class space    used 11887K, capacity 12497K, committed 12544K, reserved 1048576K
Event: 497.665 GC heap after
Heap after GC invocations=23 (full 3):
 PSYoungGen      total 418816K, used 17807K [0x00000000e0000000, 0x00000000fd480000, 0x0000000100000000)
  eden space 396800K, 0% used [0x00000000e0000000,0x00000000e0000000,0x00000000f8380000)
  from space 22016K, 80% used [0x00000000fbf00000,0x00000000fd063fb8,0x00000000fd480000)
  to   space 41472K, 0% used [0x00000000f8380000,0x00000000f8380000,0x00000000fac00000)
 ParOldGen       total 134144K, used 84967K [0x00000000a0000000, 0x00000000a8300000, 0x00000000e0000000)
  object space 134144K, 63% used [0x00000000a0000000,0x00000000a52f9d10,0x00000000a8300000)
 Metaspace       used 95513K, capacity 98496K, committed 98560K, reserved 1134592K
  class space    used 11887K, capacity 12497K, committed 12544K, reserved 1048576K
}
Event: 497.665 GC heap before
{Heap before GC invocations=24 (full 4):
 PSYoungGen      total 418816K, used 17807K [0x00000000e0000000, 0x00000000fd480000, 0x0000000100000000)
  eden space 396800K, 0% used [0x00000000e0000000,0x00000000e0000000,0x00000000f8380000)
  from space 22016K, 80% used [0x00000000fbf00000,0x00000000fd063fb8,0x00000000fd480000)
  to   space 41472K, 0% used [0x00000000f8380000,0x00000000f8380000,0x00000000fac00000)
 ParOldGen       total 134144K, used 84967K [0x00000000a0000000, 0x00000000a8300000, 0x00000000e0000000)
  object space 134144K, 63% used [0x00000000a0000000,0x00000000a52f9d10,0x00000000a8300000)
 Metaspace       used 95513K, capacity 98496K, committed 98560K, reserved 1134592K
  class space    used 11887K, capacity 12497K, committed 12544K, reserved 1048576K
Event: 497.879 GC heap after
Heap after GC invocations=24 (full 4):
 PSYoungGen      total 418816K, used 0K [0x00000000e0000000, 0x00000000fd480000, 0x0000000100000000)
  eden space 396800K, 0% used [0x00000000e0000000,0x00000000e0000000,0x00000000f8380000)
  from space 22016K, 0% used [0x00000000fbf00000,0x00000000fbf00000,0x00000000fd480000)
  to   space 41472K, 0% used [0x00000000f8380000,0x00000000f8380000,0x00000000fac00000)
 ParOldGen       total 203776K, used 61120K [0x00000000a0000000, 0x00000000ac700000, 0x00000000e0000000)
  object space 203776K, 29% used [0x00000000a0000000,0x00000000a3bb00f8,0x00000000ac700000)
 Metaspace       used 95506K, capacity 98484K, committed 98560K, reserved 1134592K
  class space    used 11886K, capacity 12495K, committed 12544K, reserved 1048576K
}
Event: 502.718 GC heap before
{Heap before GC invocations=25 (full 4):
 PSYoungGen      total 418816K, used 396800K [0x00000000e0000000, 0x00000000fd480000, 0x0000000100000000)
  eden space 396800K, 100% used [0x00000000e0000000,0x00000000f8380000,0x00000000f8380000)
  from space 22016K, 0% used [0x00000000fbf00000,0x00000000fbf00000,0x00000000fd480000)
  to   space 41472K, 0% used [0x00000000f8380000,0x00000000f8380000,0x00000000fac00000)
 ParOldGen       total 203776K, used 61120K [0x00000000a0000000, 0x00000000ac700000, 0x00000000e0000000)
  object space 203776K, 29% used [0x00000000a0000000,0x00000000a3bb00f8,0x00000000ac700000)
 Metaspace       used 102486K, capacity 105810K, committed 106112K, reserved 1142784K
  class space    used 12678K, capacity 13352K, committed 13440K, reserved 1048576K
Event: 502.730 GC heap after
Heap after GC invocations=25 (full 4):
 PSYoungGen      total 438272K, used 9308K [0x00000000e0000000, 0x0000000100000000, 0x0000000100000000)
  eden space 396800K, 0% used [0x00000000e0000000,0x00000000e0000000,0x00000000f8380000)
  from space 41472K, 22% used [0x00000000f8380000,0x00000000f8c97278,0x00000000fac00000)
  to   space 40960K, 0% used [0x00000000fd800000,0x00000000fd800000,0x0000000100000000)
 ParOldGen       total 203776K, used 61120K [0x00000000a0000000, 0x00000000ac700000, 0x00000000e0000000)
  object space 203776K, 29% used [0x00000000a0000000,0x00000000a3bb00f8,0x00000000ac700000)
 Metaspace       used 102486K, capacity 105810K, committed 106112K, reserved 1142784K
  class space    used 12678K, capacity 13352K, committed 13440K, reserved 1048576K
}
Event: 505.800 GC heap before
{Heap before GC invocations=26 (full 4):
 PSYoungGen      total 438272K, used 406108K [0x00000000e0000000, 0x0000000100000000, 0x0000000100000000)
  eden space 396800K, 100% used [0x00000000e0000000,0x00000000f8380000,0x00000000f8380000)
  from space 41472K, 22% used [0x00000000f8380000,0x00000000f8c97278,0x00000000fac00000)
  to   space 40960K, 0% used [0x00000000fd800000,0x00000000fd800000,0x0000000100000000)
 ParOldGen       total 203776K, used 61120K [0x00000000a0000000, 0x00000000ac700000, 0x00000000e0000000)
  object space 203776K, 29% used [0x00000000a0000000,0x00000000a3bb00f8,0x00000000ac700000)
 Metaspace       used 103762K, capacity 107332K, committed 107520K, reserved 1142784K
  class space    used 12820K, capacity 13529K, committed 13568K, reserved 1048576K
Event: 505.821 GC heap after
Heap after GC invocations=26 (full 4):
 PSYoungGen      total 479232K, used 13601K [0x00000000e0000000, 0x00000000ffc80000, 0x0000000100000000)
  eden space 441856K, 0% used [0x00000000e0000000,0x00000000e0000000,0x00000000faf80000)
  from space 37376K, 36% used [0x00000000fd800000,0x00000000fe5484f8,0x00000000ffc80000)
  to   space 39424K, 0% used [0x00000000faf80000,0x00000000faf80000,0x00000000fd600000)
 ParOldGen       total 203776K, used 61128K [0x00000000a0000000, 0x00000000ac700000, 0x00000000e0000000)
  object space 203776K, 29% used [0x00000000a0000000,0x00000000a3bb20f8,0x00000000ac700000)
 Metaspace       used 103762K, capacity 107332K, committed 107520K, reserved 1142784K
  class space    used 12820K, capacity 13529K, committed 13568K, reserved 1048576K
}

