# JRE version: OpenJDK Runtime Environment (8.0_242-b01) (build 1.8.0_242-release-1644-b01)
# Java VM: OpenJDK 64-Bit Server VM (25.242-b01 mixed mode windows-amd64 compressed oops)
Heap:
 PSYoungGen      total 142848K, used 43381K [0x00000000e0000000, 0x00000000ea600000, 0x0000000100000000)
  eden space 130560K, 33% used [0x00000000e0000000,0x00000000e2a5d5d0,0x00000000e7f80000)
  from space 12288K, 0% used [0x00000000e9a00000,0x00000000e9a00000,0x00000000ea600000)
  to   space 13312K, 0% used [0x00000000e8c00000,0x00000000e8c00000,0x00000000e9900000)
 ParOldGen       total 59392K, used 29607K [0x00000000a0000000, 0x00000000a3a00000, 0x00000000e0000000)
  object space 59392K, 49% used [0x00000000a0000000,0x00000000a1ce9f80,0x00000000a3a00000)
 Metaspace       used 59487K, capacity 61814K, committed 62120K, reserved 1101824K
  class space    used 8253K, capacity 8776K, committed 8880K, reserved 1048576K
GC Heap History (10 events):
Event: 4.248 GC heap before
{Heap before GC invocations=11 (full 2):
 PSYoungGen      total 116736K, used 9128K [0x00000000e0000000, 0x00000000ea600000, 0x0000000100000000)
  eden space 104960K, 0% used [0x00000000e0000000,0x00000000e0000000,0x00000000e6680000)
  from space 11776K, 77% used [0x00000000e6680000,0x00000000e6f6a3e8,0x00000000e7200000)
  to   space 12288K, 0% used [0x00000000e9a00000,0x00000000e9a00000,0x00000000ea600000)
 ParOldGen       total 59392K, used 9062K [0x00000000a0000000, 0x00000000a3a00000, 0x00000000e0000000)
  object space 59392K, 15% used [0x00000000a0000000,0x00000000a08d9a90,0x00000000a3a00000)
 Metaspace       used 34605K, capacity 35462K, committed 35496K, reserved 1079296K
  class space    used 4750K, capacity 5008K, committed 5040K, reserved 1048576K
Event: 4.309 GC heap after
Heap after GC invocations=11 (full 2):
 PSYoungGen      total 116736K, used 0K [0x00000000e0000000, 0x00000000ea600000, 0x0000000100000000)
  eden space 104960K, 0% used [0x00000000e0000000,0x00000000e0000000,0x00000000e6680000)
  from space 11776K, 0% used [0x00000000e6680000,0x00000000e6680000,0x00000000e7200000)
  to   space 12288K, 0% used [0x00000000e9a00000,0x00000000e9a00000,0x00000000ea600000)
 ParOldGen       total 59392K, used 15759K [0x00000000a0000000, 0x00000000a3a00000, 0x00000000e0000000)
  object space 59392K, 26% used [0x00000000a0000000,0x00000000a0f63ec0,0x00000000a3a00000)
 Metaspace       used 34605K, capacity 35462K, committed 35496K, reserved 1079296K
  class space    used 4750K, capacity 5008K, committed 5040K, reserved 1048576K
}
Event: 5.530 GC heap before
{Heap before GC invocations=12 (full 2):
 PSYoungGen      total 116736K, used 104960K [0x00000000e0000000, 0x00000000ea600000, 0x0000000100000000)
  eden space 104960K, 100% used [0x00000000e0000000,0x00000000e6680000,0x00000000e6680000)
  from space 11776K, 0% used [0x00000000e6680000,0x00000000e6680000,0x00000000e7200000)
  to   space 12288K, 0% used [0x00000000e9a00000,0x00000000e9a00000,0x00000000ea600000)
 ParOldGen       total 59392K, used 15759K [0x00000000a0000000, 0x00000000a3a00000, 0x00000000e0000000)
  object space 59392K, 26% used [0x00000000a0000000,0x00000000a0f63ec0,0x00000000a3a00000)
 Metaspace       used 44339K, capacity 45776K, committed 45864K, reserved 1089536K
  class space    used 6010K, capacity 6386K, committed 6448K, reserved 1048576K
Event: 5.544 GC heap after
Heap after GC invocations=12 (full 2):
 PSYoungGen      total 142848K, used 12265K [0x00000000e0000000, 0x00000000ea600000, 0x0000000100000000)
  eden space 130560K, 0% used [0x00000000e0000000,0x00000000e0000000,0x00000000e7f80000)
  from space 12288K, 99% used [0x00000000e9a00000,0x00000000ea5fa460,0x00000000ea600000)
  to   space 13312K, 0% used [0x00000000e8c00000,0x00000000e8c00000,0x00000000e9900000)
 ParOldGen       total 59392K, used 15859K [0x00000000a0000000, 0x00000000a3a00000, 0x00000000e0000000)
  object space 59392K, 26% used [0x00000000a0000000,0x00000000a0f7ce40,0x00000000a3a00000)
 Metaspace       used 44339K, capacity 45776K, committed 45864K, reserved 1089536K
  class space    used 6010K, capacity 6386K, committed 6448K, reserved 1048576K
}
Event: 6.818 GC heap before
{Heap before GC invocations=13 (full 2):
 PSYoungGen      total 142848K, used 142825K [0x00000000e0000000, 0x00000000ea600000, 0x0000000100000000)
  eden space 130560K, 100% used [0x00000000e0000000,0x00000000e7f80000,0x00000000e7f80000)
  from space 12288K, 99% used [0x00000000e9a00000,0x00000000ea5fa460,0x00000000ea600000)
  to   space 13312K, 0% used [0x00000000e8c00000,0x00000000e8c00000,0x00000000e9900000)
 ParOldGen       total 59392K, used 15859K [0x00000000a0000000, 0x00000000a3a00000, 0x00000000e0000000)
  object space 59392K, 26% used [0x00000000a0000000,0x00000000a0f7ce40,0x00000000a3a00000)
 Metaspace       used 54642K, capacity 56620K, committed 56872K, reserved 1097728K
  class space    used 7459K, capacity 7937K, committed 7984K, reserved 1048576K
Event: 6.837 GC heap after
Heap after GC invocations=13 (full 2):
 PSYoungGen      total 143872K, used 13281K [0x00000000e0000000, 0x00000000ea600000, 0x0000000100000000)
  eden space 130560K, 0% used [0x00000000e0000000,0x00000000e0000000,0x00000000e7f80000)
  from space 13312K, 99% used [0x00000000e8c00000,0x00000000e98f84c0,0x00000000e9900000)
  to   space 12288K, 0% used [0x00000000e9a00000,0x00000000e9a00000,0x00000000ea600000)
 ParOldGen       total 59392K, used 23985K [0x00000000a0000000, 0x00000000a3a00000, 0x00000000e0000000)
  object space 59392K, 40% used [0x00000000a0000000,0x00000000a176c790,0x00000000a3a00000)
 Metaspace       used 54642K, capacity 56620K, committed 56872K, reserved 1097728K
  class space    used 7459K, capacity 7937K, committed 7984K, reserved 1048576K
}
Event: 7.106 GC heap before
{Heap before GC invocations=14 (full 2):
 PSYoungGen      total 143872K, used 42716K [0x00000000e0000000, 0x00000000ea600000, 0x0000000100000000)
  eden space 130560K, 22% used [0x00000000e0000000,0x00000000e1cbed08,0x00000000e7f80000)
  from space 13312K, 99% used [0x00000000e8c00000,0x00000000e98f84c0,0x00000000e9900000)
  to   space 12288K, 0% used [0x00000000e9a00000,0x00000000e9a00000,0x00000000ea600000)
 ParOldGen       total 59392K, used 23985K [0x00000000a0000000, 0x00000000a3a00000, 0x00000000e0000000)
  object space 59392K, 40% used [0x00000000a0000000,0x00000000a176c790,0x00000000a3a00000)
 Metaspace       used 57124K, capacity 59078K, committed 59160K, reserved 1099776K
  class space    used 7839K, capacity 8318K, committed 8368K, reserved 1048576K
Event: 7.119 GC heap after
Heap after GC invocations=14 (full 2):
 PSYoungGen      total 142848K, used 3242K [0x00000000e0000000, 0x00000000ea600000, 0x0000000100000000)
  eden space 130560K, 0% used [0x00000000e0000000,0x00000000e0000000,0x00000000e7f80000)
  from space 12288K, 26% used [0x00000000e9a00000,0x00000000e9d2a890,0x00000000ea600000)
  to   space 13312K, 0% used [0x00000000e8c00000,0x00000000e8c00000,0x00000000e9900000)
 ParOldGen       total 59392K, used 32605K [0x00000000a0000000, 0x00000000a3a00000, 0x00000000e0000000)
  object space 59392K, 54% used [0x00000000a0000000,0x00000000a1fd76d8,0x00000000a3a00000)
 Metaspace       used 57124K, capacity 59078K, committed 59160K, reserved 1099776K
  class space    used 7839K, capacity 8318K, committed 8368K, reserved 1048576K
}
Event: 7.119 GC heap before
{Heap before GC invocations=15 (full 3):
 PSYoungGen      total 142848K, used 3242K [0x00000000e0000000, 0x00000000ea600000, 0x0000000100000000)
  eden space 130560K, 0% used [0x00000000e0000000,0x00000000e0000000,0x00000000e7f80000)
  from space 12288K, 26% used [0x00000000e9a00000,0x00000000e9d2a890,0x00000000ea600000)
  to   space 13312K, 0% used [0x00000000e8c00000,0x00000000e8c00000,0x00000000e9900000)
 ParOldGen       total 59392K, used 32605K [0x00000000a0000000, 0x00000000a3a00000, 0x00000000e0000000)
  object space 59392K, 54% used [0x00000000a0000000,0x00000000a1fd76d8,0x00000000a3a00000)
 Metaspace       used 57124K, capacity 59078K, committed 59160K, reserved 1099776K
  class space    used 7839K, capacity 8318K, committed 8368K, reserved 1048576K
Event: 7.335 GC heap after
Heap after GC invocations=15 (full 3):
 PSYoungGen      total 142848K, used 0K [0x00000000e0000000, 0x00000000ea600000, 0x0000000100000000)
  eden space 130560K, 0% used [0x00000000e0000000,0x00000000e0000000,0x00000000e7f80000)
  from space 12288K, 0% used [0x00000000e9a00000,0x00000000e9a00000,0x00000000ea600000)
  to   space 13312K, 0% used [0x00000000e8c00000,0x00000000e8c00000,0x00000000e9900000)
 ParOldGen       total 59392K, used 29607K [0x00000000a0000000, 0x00000000a3a00000, 0x00000000e0000000)
  object space 59392K, 49% used [0x00000000a0000000,0x00000000a1ce9f80,0x00000000a3a00000)
 Metaspace       used 57117K, capacity 59054K, committed 59160K, reserved 1099776K
  class space    used 7837K, capacity 8314K, committed 8368K, reserved 1048576K
}

